<?xml version="1.0" encoding="UTF-8"?>
<Site BuildName="Linux-c++"
	BuildStamp="20250418-1200-Experimental"
	Name="codespaces-af2a8a"
	Generator="ctest-3.16.3"
	CompilerName="/usr/bin/c++"
	CompilerVersion="9.4.0"
	OSName="Linux"
	Hostname="codespaces-af2a8a"
	OSRelease="6.8.0-1021-azure"
	OSVersion="#25~22.04.1-Ubuntu SMP Thu Jan 16 21:37:09 UTC 2025"
	OSPlatform="x86_64"
	Is64Bits="1"
	VendorString="AuthenticAMD"
	VendorID="Advanced Micro Devices"
	FamilyID="25"
	ModelID="1"
	ProcessorCacheSize="512"
	NumberOfLogicalCPU="4"
	NumberOfPhysicalCPU="2"
	TotalVirtualMemory="0"
	TotalPhysicalMemory="15990"
	LogicalProcessorsPerPhysical="2"
	ProcessorClockFrequency="3241.33"
	>
	<Testing>
		<StartDateTime>Apr 18 12:01 UTC</StartDateTime>
		<StartTestTime>1744977680</StartTestTime>
		<TestList/>
		<EndDateTime>Apr 18 12:01 UTC</EndDateTime>
		<EndTestTime>1744977680</EndTestTime>
		<ElapsedMinutes>0</ElapsedMinutes>
	</Testing>
</Site>
